<component name="libraryTable">
  <library name="junit-jupiter-api-5.3.2">
    <CLASSES>
      <root url="jar://$PROJECT_DIR$/../assign4_x4i2b/lib/junit-jupiter-api-5.3.2.jar!/" />
    </CLASSES>
    <JAVADOC />
    <SOURCES />
  </library>
</component>